<?xml version="1.0" encoding="UTF-8"?>
<testsuite name="com.galo.configserver.ConfigServerApplicationTests" tests="1" skipped="0" failures="0" errors="0" timestamp="2020-07-15T00:41:05" hostname="LUCAS-GALO" time="0.654">
  <properties/>
  <testcase name="contextLoads()" classname="com.galo.configserver.ConfigServerApplicationTests" time="0.654"/>
  <system-out><![CDATA[21:40:45.302 [Test worker] DEBUG org.springframework.test.context.BootstrapUtils - Instantiating CacheAwareContextLoaderDelegate from class [org.springframework.test.context.cache.DefaultCacheAwareContextLoaderDelegate]
21:40:45.342 [Test worker] DEBUG org.springframework.test.context.BootstrapUtils - Instantiating BootstrapContext using constructor [public org.springframework.test.context.support.DefaultBootstrapContext(java.lang.Class,org.springframework.test.context.CacheAwareContextLoaderDelegate)]
21:40:45.432 [Test worker] DEBUG org.springframework.test.context.BootstrapUtils - Instantiating TestContextBootstrapper for test class [com.galo.configserver.ConfigServerApplicationTests] from class [org.springframework.boot.test.context.SpringBootTestContextBootstrapper]
21:40:45.470 [Test worker] INFO org.springframework.boot.test.context.SpringBootTestContextBootstrapper - Neither @ContextConfiguration nor @ContextHierarchy found for test class [com.galo.configserver.ConfigServerApplicationTests], using SpringBootContextLoader
21:40:45.479 [Test worker] DEBUG org.springframework.test.context.support.AbstractContextLoader - Did not detect default resource location for test class [com.galo.configserver.ConfigServerApplicationTests]: class path resource [com/galo/configserver/ConfigServerApplicationTests-context.xml] does not exist
21:40:45.481 [Test worker] DEBUG org.springframework.test.context.support.AbstractContextLoader - Did not detect default resource location for test class [com.galo.configserver.ConfigServerApplicationTests]: class path resource [com/galo/configserver/ConfigServerApplicationTestsContext.groovy] does not exist
21:40:45.482 [Test worker] INFO org.springframework.test.context.support.AbstractContextLoader - Could not detect default resource locations for test class [com.galo.configserver.ConfigServerApplicationTests]: no resource found for suffixes {-context.xml, Context.groovy}.
21:40:45.484 [Test worker] INFO org.springframework.test.context.support.AnnotationConfigContextLoaderUtils - Could not detect default configuration classes for test class [com.galo.configserver.ConfigServerApplicationTests]: ConfigServerApplicationTests does not declare any static, non-private, non-final, nested classes annotated with @Configuration.
21:40:45.614 [Test worker] DEBUG org.springframework.test.context.support.ActiveProfilesUtils - Could not find an 'annotation declaring class' for annotation type [org.springframework.test.context.ActiveProfiles] and class [com.galo.configserver.ConfigServerApplicationTests]
21:40:45.900 [Test worker] DEBUG org.springframework.context.annotation.ClassPathScanningCandidateComponentProvider - Identified candidate component class: file [C:\milhonario\config-server\build\classes\java\main\com\galo\configserver\ConfigServerApplication.class]
21:40:45.909 [Test worker] INFO org.springframework.boot.test.context.SpringBootTestContextBootstrapper - Found @SpringBootConfiguration com.galo.configserver.ConfigServerApplication for test class com.galo.configserver.ConfigServerApplicationTests
21:40:46.505 [Test worker] DEBUG org.springframework.boot.test.context.SpringBootTestContextBootstrapper - @TestExecutionListeners is not present for class [com.galo.configserver.ConfigServerApplicationTests]: using defaults.
21:40:46.508 [Test worker] INFO org.springframework.boot.test.context.SpringBootTestContextBootstrapper - Loaded default TestExecutionListener class names from location [META-INF/spring.factories]: [org.springframework.boot.test.autoconfigure.restdocs.RestDocsTestExecutionListener, org.springframework.boot.test.autoconfigure.web.client.MockRestServiceServerResetTestExecutionListener, org.springframework.boot.test.autoconfigure.web.servlet.MockMvcPrintOnlyOnFailureTestExecutionListener, org.springframework.boot.test.autoconfigure.web.servlet.WebDriverTestExecutionListener, org.springframework.boot.test.autoconfigure.webservices.client.MockWebServiceServerTestExecutionListener, org.springframework.boot.test.mock.mockito.MockitoTestExecutionListener, org.springframework.boot.test.mock.mockito.ResetMocksTestExecutionListener, org.springframework.test.context.web.ServletTestExecutionListener, org.springframework.test.context.support.DirtiesContextBeforeModesTestExecutionListener, org.springframework.test.context.support.DependencyInjectionTestExecutionListener, org.springframework.test.context.support.DirtiesContextTestExecutionListener, org.springframework.test.context.transaction.TransactionalTestExecutionListener, org.springframework.test.context.jdbc.SqlScriptsTestExecutionListener, org.springframework.test.context.event.EventPublishingTestExecutionListener]
21:40:46.539 [Test worker] DEBUG org.springframework.boot.test.context.SpringBootTestContextBootstrapper - Skipping candidate TestExecutionListener [org.springframework.test.context.transaction.TransactionalTestExecutionListener] due to a missing dependency. Specify custom listener classes or make the default listener classes and their required dependencies available. Offending class: [org/springframework/transaction/interceptor/TransactionAttributeSource]
21:40:46.540 [Test worker] DEBUG org.springframework.boot.test.context.SpringBootTestContextBootstrapper - Skipping candidate TestExecutionListener [org.springframework.test.context.jdbc.SqlScriptsTestExecutionListener] due to a missing dependency. Specify custom listener classes or make the default listener classes and their required dependencies available. Offending class: [org/springframework/transaction/interceptor/TransactionAttribute]
21:40:46.541 [Test worker] INFO org.springframework.boot.test.context.SpringBootTestContextBootstrapper - Using TestExecutionListeners: [org.springframework.test.context.web.ServletTestExecutionListener@1b1f0e, org.springframework.test.context.support.DirtiesContextBeforeModesTestExecutionListener@641c181, org.springframework.boot.test.mock.mockito.MockitoTestExecutionListener@3090d9fb, org.springframework.boot.test.autoconfigure.SpringBootDependencyInjectionTestExecutionListener@240aecb4, org.springframework.test.context.support.DirtiesContextTestExecutionListener@7cb17454, org.springframework.test.context.event.EventPublishingTestExecutionListener@74f4ef8a, org.springframework.boot.test.autoconfigure.restdocs.RestDocsTestExecutionListener@429dafee, org.springframework.boot.test.autoconfigure.web.client.MockRestServiceServerResetTestExecutionListener@31019445, org.springframework.boot.test.autoconfigure.web.servlet.MockMvcPrintOnlyOnFailureTestExecutionListener@466555e5, org.springframework.boot.test.autoconfigure.web.servlet.WebDriverTestExecutionListener@15be6a1c, org.springframework.boot.test.autoconfigure.webservices.client.MockWebServiceServerTestExecutionListener@3a73559a, org.springframework.boot.test.mock.mockito.ResetMocksTestExecutionListener@7ed4d2d]
21:40:46.560 [Test worker] DEBUG org.springframework.test.context.support.AbstractDirtiesContextTestExecutionListener - Before test class: context [DefaultTestContext@61a7875d testClass = ConfigServerApplicationTests, testInstance = [null], testMethod = [null], testException = [null], mergedContextConfiguration = [WebMergedContextConfiguration@6571f098 testClass = ConfigServerApplicationTests, locations = '{}', classes = '{class com.galo.configserver.ConfigServerApplication}', contextInitializerClasses = '[]', activeProfiles = '{}', propertySourceLocations = '{}', propertySourceProperties = '{org.springframework.boot.test.context.SpringBootTestContextBootstrapper=true}', contextCustomizers = set[org.springframework.boot.test.autoconfigure.properties.PropertyMappingContextCustomizer@0, org.springframework.boot.test.autoconfigure.web.servlet.WebDriverContextCustomizerFactory$Customizer@50b45e9a, org.springframework.boot.test.context.filter.ExcludeFilterContextCustomizer@6b805821, org.springframework.boot.test.json.DuplicateJsonObjectContextCustomizerFactory$DuplicateJsonObjectContextCustomizer@35c14eb8, org.springframework.boot.test.mock.mockito.MockitoContextCustomizer@0, org.springframework.boot.test.web.client.TestRestTemplateContextCustomizer@105b1917, org.springframework.boot.test.context.SpringBootTestArgs@1], resourceBasePath = 'src/main/webapp', contextLoader = 'org.springframework.boot.test.context.SpringBootContextLoader', parent = [null]], attributes = map['org.springframework.test.context.web.ServletTestExecutionListener.activateListener' -> true]], class annotated with @DirtiesContext [false] with mode [null].
21:40:46.646 [Test worker] DEBUG org.springframework.test.context.support.TestPropertySourceUtils - Adding inlined properties to environment: {spring.jmx.enabled=false, org.springframework.boot.test.context.SpringBootTestContextBootstrapper=true}
   _____                    __   _                         _____                                     
  / ____|                  / _| (_)                       / ____|                                    
 | |        ___    _ __   | |_   _    __ _     ______    | (___     ___   _ __  __   __   ___   _ __ 
 | |       / _ \  | '_ \  |  _| | |  / _` |   |______|    \___ \   / _ \ | '__| \ \ / /  / _ \ | '__|
 | |____  | (_) | | | | | | |   | | | (_| |               ____) | |  __/ | |     \ V /  |  __/ | |   
  \_____|  \___/  |_| |_| |_|   |_|  \__, |              |_____/   \___| |_|      \_/    \___| |_|   
                                      __/ |                                                          
                                     |___/   
2020-07-14 21:40:52.360  INFO 2900 --- [    Test worker] c.g.c.ConfigServerApplicationTests       : No active profile set, falling back to default profiles: default
2020-07-14 21:40:55.651  INFO 2900 --- [    Test worker] o.s.cloud.context.scope.GenericScope     : BeanFactory id=49739122-fd9f-3795-91d9-e65d3c820f89
2020-07-14 21:40:59.107  INFO 2900 --- [    Test worker] o.s.s.concurrent.ThreadPoolTaskExecutor  : Initializing ExecutorService 'applicationTaskExecutor'
2020-07-14 21:41:04.682  INFO 2900 --- [    Test worker] o.s.cloud.commons.util.InetUtils         : Cannot determine local hostname
2020-07-14 21:41:05.107  INFO 2900 --- [    Test worker] o.s.b.a.e.web.EndpointLinksResolver      : Exposing 2 endpoint(s) beneath base path '/actuator'
2020-07-14 21:41:05.354  INFO 2900 --- [    Test worker] c.g.c.ConfigServerApplicationTests       : Started ConfigServerApplicationTests in 18.674 seconds (JVM running for 24.106)
]]></system-out>
  <system-err><![CDATA[]]></system-err>
</testsuite>
